[00:00:01] [pool-82-thread-1/INFO]: [GraveStonesPlus] Detected day changed, processing...
[00:00:01] [pool-82-thread-1/INFO]: [GraveStonesPlus] Time change event: DAY, Fake: false
[00:00:01] [pool-82-thread-1/INFO]: [GraveStonesPlus] Finished processing day changes
[00:02:31] [Server thread/INFO]: [autogitback] Save Detected!
[00:02:31] [Server thread/INFO]: [autogitback] Save Detected!
[00:02:31] [Server thread/INFO]: [autogitback] Save Detected!
[00:07:31] [Server thread/INFO]: [autogitback] Save Detected!
[00:07:31] [Server thread/INFO]: [autogitback] Save Detected!
[00:07:31] [Server thread/INFO]: [autogitback] Save Detected!
[00:12:31] [Server thread/INFO]: [autogitback] Save Detected!
[00:12:31] [Server thread/INFO]: [autogitback] Save Detected!
[00:12:31] [Server thread/INFO]: [autogitback] Save Detected!
[00:17:31] [Server thread/INFO]: [autogitback] Save Detected!
[00:17:31] [Server thread/INFO]: [autogitback] Save Detected!
[00:17:31] [Server thread/INFO]: [autogitback] Save Detected!
[00:22:31] [Server thread/INFO]: [autogitback] Save Detected!
[00:22:31] [Server thread/INFO]: [autogitback] Save Detected!
[00:22:31] [Server thread/INFO]: [autogitback] Save Detected!
[00:27:31] [Server thread/INFO]: [autogitback] Save Detected!
[00:27:31] [Server thread/INFO]: [autogitback] Save Detected!
[00:27:31] [Server thread/INFO]: [autogitback] Save Detected!
[00:32:31] [Server thread/INFO]: [autogitback] Save Detected!
[00:32:31] [Server thread/INFO]: [autogitback] Save Detected!
[00:32:31] [Server thread/INFO]: [autogitback] Save Detected!
[00:37:31] [Server thread/INFO]: [autogitback] Save Detected!
[00:37:31] [Server thread/INFO]: [autogitback] Save Detected!
[00:37:31] [Server thread/INFO]: [autogitback] Save Detected!
[00:42:31] [Server thread/INFO]: [autogitback] Save Detected!
[00:42:31] [Server thread/INFO]: [autogitback] Save Detected!
[00:42:31] [Server thread/INFO]: [autogitback] Save Detected!
[00:47:31] [Server thread/INFO]: [autogitback] Save Detected!
[00:47:31] [Server thread/INFO]: [autogitback] Save Detected!
[00:47:31] [Server thread/INFO]: [autogitback] Save Detected!
[00:52:31] [Server thread/INFO]: [autogitback] Save Detected!
[00:52:31] [Server thread/INFO]: [autogitback] Save Detected!
[00:52:31] [Server thread/INFO]: [autogitback] Save Detected!
[00:57:31] [Server thread/INFO]: [autogitback] Save Detected!
[00:57:31] [Server thread/INFO]: [autogitback] Save Detected!
[00:57:31] [Server thread/INFO]: [autogitback] Save Detected!
[01:02:31] [Server thread/INFO]: [autogitback] Save Detected!
[01:02:31] [Server thread/INFO]: [autogitback] Save Detected!
[01:02:31] [Server thread/INFO]: [autogitback] Save Detected!
[01:07:31] [Server thread/INFO]: [autogitback] Save Detected!
[01:07:31] [Server thread/INFO]: [autogitback] Save Detected!
[01:07:31] [Server thread/INFO]: [autogitback] Save Detected!
[01:12:31] [Server thread/INFO]: [autogitback] Save Detected!
[01:12:31] [Server thread/INFO]: [autogitback] Save Detected!
[01:12:31] [Server thread/INFO]: [autogitback] Save Detected!
[01:17:31] [Server thread/INFO]: [autogitback] Save Detected!
[01:17:31] [Server thread/INFO]: [autogitback] Save Detected!
[01:17:31] [Server thread/INFO]: [autogitback] Save Detected!
[01:22:31] [Server thread/INFO]: [autogitback] Save Detected!
[01:22:31] [Server thread/INFO]: [autogitback] Save Detected!
[01:22:31] [Server thread/INFO]: [autogitback] Save Detected!
[01:27:31] [Server thread/INFO]: [autogitback] Save Detected!
[01:27:31] [Server thread/INFO]: [autogitback] Save Detected!
[01:27:31] [Server thread/INFO]: [autogitback] Save Detected!
[01:32:31] [Server thread/INFO]: [autogitback] Save Detected!
[01:32:31] [Server thread/INFO]: [autogitback] Save Detected!
[01:32:31] [Server thread/INFO]: [autogitback] Save Detected!
[01:37:31] [Server thread/INFO]: [autogitback] Save Detected!
[01:37:31] [Server thread/INFO]: [autogitback] Save Detected!
[01:37:31] [Server thread/INFO]: [autogitback] Save Detected!
[01:42:31] [Server thread/INFO]: [autogitback] Save Detected!
[01:42:31] [Server thread/INFO]: [autogitback] Save Detected!
[01:42:31] [Server thread/INFO]: [autogitback] Save Detected!
[01:47:31] [Server thread/INFO]: [autogitback] Save Detected!
[01:47:31] [Server thread/INFO]: [autogitback] Save Detected!
[01:47:31] [Server thread/INFO]: [autogitback] Save Detected!
[01:52:31] [Server thread/INFO]: [autogitback] Save Detected!
[01:52:31] [Server thread/INFO]: [autogitback] Save Detected!
[01:52:31] [Server thread/INFO]: [autogitback] Save Detected!
[01:57:31] [Server thread/INFO]: [autogitback] Save Detected!
[01:57:31] [Server thread/INFO]: [autogitback] Save Detected!
[01:57:31] [Server thread/INFO]: [autogitback] Save Detected!
[02:02:31] [Server thread/INFO]: [autogitback] Save Detected!
[02:02:31] [Server thread/INFO]: [autogitback] Save Detected!
[02:02:31] [Server thread/INFO]: [autogitback] Save Detected!
[02:07:31] [Server thread/INFO]: [autogitback] Save Detected!
[02:07:31] [Server thread/INFO]: [autogitback] Save Detected!
[02:07:31] [Server thread/INFO]: [autogitback] Save Detected!
[02:12:31] [Server thread/INFO]: [autogitback] Save Detected!
[02:12:31] [Server thread/INFO]: [autogitback] Save Detected!
[02:12:31] [Server thread/INFO]: [autogitback] Save Detected!
[02:17:31] [Server thread/INFO]: [autogitback] Save Detected!
[02:17:31] [Server thread/INFO]: [autogitback] Save Detected!
[02:17:31] [Server thread/INFO]: [autogitback] Save Detected!
[02:22:31] [Server thread/INFO]: [autogitback] Save Detected!
[02:22:31] [Server thread/INFO]: [autogitback] Save Detected!
[02:22:31] [Server thread/INFO]: [autogitback] Save Detected!
[02:27:31] [Server thread/INFO]: [autogitback] Save Detected!
[02:27:31] [Server thread/INFO]: [autogitback] Save Detected!
[02:27:31] [Server thread/INFO]: [autogitback] Save Detected!
[02:32:31] [Server thread/INFO]: [autogitback] Save Detected!
[02:32:31] [Server thread/INFO]: [autogitback] Save Detected!
[02:32:31] [Server thread/INFO]: [autogitback] Save Detected!
[02:37:31] [Server thread/INFO]: [autogitback] Save Detected!
[02:37:31] [Server thread/INFO]: [autogitback] Save Detected!
[02:37:31] [Server thread/INFO]: [autogitback] Save Detected!
[02:42:31] [Server thread/INFO]: [autogitback] Save Detected!
[02:42:31] [Server thread/INFO]: [autogitback] Save Detected!
[02:42:31] [Server thread/INFO]: [autogitback] Save Detected!
[02:47:31] [Server thread/INFO]: [autogitback] Save Detected!
[02:47:31] [Server thread/INFO]: [autogitback] Save Detected!
[02:47:31] [Server thread/INFO]: [autogitback] Save Detected!
[02:52:31] [Server thread/INFO]: [autogitback] Save Detected!
[02:52:31] [Server thread/INFO]: [autogitback] Save Detected!
[02:52:31] [Server thread/INFO]: [autogitback] Save Detected!
[02:57:31] [Server thread/INFO]: [autogitback] Save Detected!
[02:57:31] [Server thread/INFO]: [autogitback] Save Detected!
[02:57:31] [Server thread/INFO]: [autogitback] Save Detected!
[03:02:31] [Server thread/INFO]: [autogitback] Save Detected!
[03:02:31] [Server thread/INFO]: [autogitback] Save Detected!
[03:02:31] [Server thread/INFO]: [autogitback] Save Detected!
[03:07:31] [Server thread/INFO]: [autogitback] Save Detected!
[03:07:31] [Server thread/INFO]: [autogitback] Save Detected!
[03:07:31] [Server thread/INFO]: [autogitback] Save Detected!
[03:12:31] [Server thread/INFO]: [autogitback] Save Detected!
[03:12:31] [Server thread/INFO]: [autogitback] Save Detected!
[03:12:31] [Server thread/INFO]: [autogitback] Save Detected!
[03:17:31] [Server thread/INFO]: [autogitback] Save Detected!
[03:17:31] [Server thread/INFO]: [autogitback] Save Detected!
[03:17:31] [Server thread/INFO]: [autogitback] Save Detected!
[03:22:31] [Server thread/INFO]: [autogitback] Save Detected!
[03:22:31] [Server thread/INFO]: [autogitback] Save Detected!
[03:22:31] [Server thread/INFO]: [autogitback] Save Detected!
[03:27:31] [Server thread/INFO]: [autogitback] Save Detected!
[03:27:31] [Server thread/INFO]: [autogitback] Save Detected!
[03:27:31] [Server thread/INFO]: [autogitback] Save Detected!
[03:32:31] [Server thread/INFO]: [autogitback] Save Detected!
[03:32:31] [Server thread/INFO]: [autogitback] Save Detected!
[03:32:31] [Server thread/INFO]: [autogitback] Save Detected!
[03:37:31] [Server thread/INFO]: [autogitback] Save Detected!
[03:37:31] [Server thread/INFO]: [autogitback] Save Detected!
[03:37:31] [Server thread/INFO]: [autogitback] Save Detected!
[03:42:31] [Server thread/INFO]: [autogitback] Save Detected!
[03:42:31] [Server thread/INFO]: [autogitback] Save Detected!
[03:42:31] [Server thread/INFO]: [autogitback] Save Detected!
[03:47:31] [Server thread/INFO]: [autogitback] Save Detected!
[03:47:31] [Server thread/INFO]: [autogitback] Save Detected!
[03:47:31] [Server thread/INFO]: [autogitback] Save Detected!
[03:52:31] [Server thread/INFO]: [autogitback] Save Detected!
[03:52:31] [Server thread/INFO]: [autogitback] Save Detected!
[03:52:31] [Server thread/INFO]: [autogitback] Save Detected!
[03:57:31] [Server thread/INFO]: [autogitback] Save Detected!
[03:57:31] [Server thread/INFO]: [autogitback] Save Detected!
[03:57:31] [Server thread/INFO]: [autogitback] Save Detected!
[04:02:31] [Server thread/INFO]: [autogitback] Save Detected!
[04:02:31] [Server thread/INFO]: [autogitback] Save Detected!
[04:02:31] [Server thread/INFO]: [autogitback] Save Detected!
[04:07:31] [Server thread/INFO]: [autogitback] Save Detected!
[04:07:31] [Server thread/INFO]: [autogitback] Save Detected!
[04:07:31] [Server thread/INFO]: [autogitback] Save Detected!
[04:12:31] [Server thread/INFO]: [autogitback] Save Detected!
[04:12:31] [Server thread/INFO]: [autogitback] Save Detected!
[04:12:31] [Server thread/INFO]: [autogitback] Save Detected!
[04:17:31] [Server thread/INFO]: [autogitback] Save Detected!
[04:17:31] [Server thread/INFO]: [autogitback] Save Detected!
[04:17:31] [Server thread/INFO]: [autogitback] Save Detected!
[04:22:31] [Server thread/INFO]: [autogitback] Save Detected!
[04:22:31] [Server thread/INFO]: [autogitback] Save Detected!
[04:22:31] [Server thread/INFO]: [autogitback] Save Detected!
[04:27:31] [Server thread/INFO]: [autogitback] Save Detected!
[04:27:31] [Server thread/INFO]: [autogitback] Save Detected!
[04:27:31] [Server thread/INFO]: [autogitback] Save Detected!
[04:32:31] [Server thread/INFO]: [autogitback] Save Detected!
[04:32:31] [Server thread/INFO]: [autogitback] Save Detected!
[04:32:31] [Server thread/INFO]: [autogitback] Save Detected!
[04:37:31] [Server thread/INFO]: [autogitback] Save Detected!
[04:37:31] [Server thread/INFO]: [autogitback] Save Detected!
[04:37:31] [Server thread/INFO]: [autogitback] Save Detected!
[04:42:31] [Server thread/INFO]: [autogitback] Save Detected!
[04:42:31] [Server thread/INFO]: [autogitback] Save Detected!
[04:42:31] [Server thread/INFO]: [autogitback] Save Detected!
[04:47:31] [Server thread/INFO]: [autogitback] Save Detected!
[04:47:31] [Server thread/INFO]: [autogitback] Save Detected!
[04:47:31] [Server thread/INFO]: [autogitback] Save Detected!
[04:52:31] [Server thread/INFO]: [autogitback] Save Detected!
[04:52:31] [Server thread/INFO]: [autogitback] Save Detected!
[04:52:31] [Server thread/INFO]: [autogitback] Save Detected!
[04:57:31] [Server thread/INFO]: [autogitback] Save Detected!
[04:57:31] [Server thread/INFO]: [autogitback] Save Detected!
[04:57:31] [Server thread/INFO]: [autogitback] Save Detected!
[05:02:31] [Server thread/INFO]: [autogitback] Save Detected!
[05:02:31] [Server thread/INFO]: [autogitback] Save Detected!
[05:02:31] [Server thread/INFO]: [autogitback] Save Detected!
[05:07:31] [Server thread/INFO]: [autogitback] Save Detected!
[05:07:31] [Server thread/INFO]: [autogitback] Save Detected!
[05:07:31] [Server thread/INFO]: [autogitback] Save Detected!
[05:12:31] [Server thread/INFO]: [autogitback] Save Detected!
[05:12:31] [Server thread/INFO]: [autogitback] Save Detected!
[05:12:31] [Server thread/INFO]: [autogitback] Save Detected!
[05:17:31] [Server thread/INFO]: [autogitback] Save Detected!
[05:17:31] [Server thread/INFO]: [autogitback] Save Detected!
[05:17:31] [Server thread/INFO]: [autogitback] Save Detected!
[05:22:31] [Server thread/INFO]: [autogitback] Save Detected!
[05:22:31] [Server thread/INFO]: [autogitback] Save Detected!
[05:22:31] [Server thread/INFO]: [autogitback] Save Detected!
[05:27:31] [Server thread/INFO]: [autogitback] Save Detected!
[05:27:31] [Server thread/INFO]: [autogitback] Save Detected!
[05:27:31] [Server thread/INFO]: [autogitback] Save Detected!
[05:32:31] [Server thread/INFO]: [autogitback] Save Detected!
[05:32:31] [Server thread/INFO]: [autogitback] Save Detected!
[05:32:31] [Server thread/INFO]: [autogitback] Save Detected!
[05:37:31] [Server thread/INFO]: [autogitback] Save Detected!
[05:37:31] [Server thread/INFO]: [autogitback] Save Detected!
[05:37:31] [Server thread/INFO]: [autogitback] Save Detected!
[05:42:31] [Server thread/INFO]: [autogitback] Save Detected!
[05:42:31] [Server thread/INFO]: [autogitback] Save Detected!
[05:42:31] [Server thread/INFO]: [autogitback] Save Detected!
[05:47:31] [Server thread/INFO]: [autogitback] Save Detected!
[05:47:31] [Server thread/INFO]: [autogitback] Save Detected!
[05:47:31] [Server thread/INFO]: [autogitback] Save Detected!
[05:52:31] [Server thread/INFO]: [autogitback] Save Detected!
[05:52:31] [Server thread/INFO]: [autogitback] Save Detected!
[05:52:31] [Server thread/INFO]: [autogitback] Save Detected!
[05:57:31] [Server thread/INFO]: [autogitback] Save Detected!
[05:57:31] [Server thread/INFO]: [autogitback] Save Detected!
[05:57:31] [Server thread/INFO]: [autogitback] Save Detected!
[06:02:31] [Server thread/INFO]: [autogitback] Save Detected!
[06:02:31] [Server thread/INFO]: [autogitback] Save Detected!
[06:02:31] [Server thread/INFO]: [autogitback] Save Detected!
[06:07:31] [Server thread/INFO]: [autogitback] Save Detected!
[06:07:31] [Server thread/INFO]: [autogitback] Save Detected!
[06:07:31] [Server thread/INFO]: [autogitback] Save Detected!
[06:12:31] [Server thread/INFO]: [autogitback] Save Detected!
[06:12:31] [Server thread/INFO]: [autogitback] Save Detected!
[06:12:31] [Server thread/INFO]: [autogitback] Save Detected!
[06:17:31] [Server thread/INFO]: [autogitback] Save Detected!
[06:17:31] [Server thread/INFO]: [autogitback] Save Detected!
[06:17:31] [Server thread/INFO]: [autogitback] Save Detected!
[06:22:31] [Server thread/INFO]: [autogitback] Save Detected!
[06:22:31] [Server thread/INFO]: [autogitback] Save Detected!
[06:22:31] [Server thread/INFO]: [autogitback] Save Detected!
[06:27:31] [Server thread/INFO]: [autogitback] Save Detected!
[06:27:31] [Server thread/INFO]: [autogitback] Save Detected!
[06:27:31] [Server thread/INFO]: [autogitback] Save Detected!
[06:32:31] [Server thread/INFO]: [autogitback] Save Detected!
[06:32:31] [Server thread/INFO]: [autogitback] Save Detected!
[06:32:31] [Server thread/INFO]: [autogitback] Save Detected!
[06:37:31] [Server thread/INFO]: [autogitback] Save Detected!
[06:37:31] [Server thread/INFO]: [autogitback] Save Detected!
[06:37:31] [Server thread/INFO]: [autogitback] Save Detected!
[06:42:31] [Server thread/INFO]: [autogitback] Save Detected!
[06:42:31] [Server thread/INFO]: [autogitback] Save Detected!
[06:42:31] [Server thread/INFO]: [autogitback] Save Detected!
[06:47:31] [Server thread/INFO]: [autogitback] Save Detected!
[06:47:31] [Server thread/INFO]: [autogitback] Save Detected!
[06:47:31] [Server thread/INFO]: [autogitback] Save Detected!
[06:52:31] [Server thread/INFO]: [autogitback] Save Detected!
[06:52:31] [Server thread/INFO]: [autogitback] Save Detected!
[06:52:31] [Server thread/INFO]: [autogitback] Save Detected!
[06:57:31] [Server thread/INFO]: [autogitback] Save Detected!
[06:57:31] [Server thread/INFO]: [autogitback] Save Detected!
[06:57:31] [Server thread/INFO]: [autogitback] Save Detected!
[07:02:31] [Server thread/INFO]: [autogitback] Save Detected!
[07:02:31] [Server thread/INFO]: [autogitback] Save Detected!
[07:02:31] [Server thread/INFO]: [autogitback] Save Detected!
[07:07:31] [Server thread/INFO]: [autogitback] Save Detected!
[07:07:31] [Server thread/INFO]: [autogitback] Save Detected!
[07:07:31] [Server thread/INFO]: [autogitback] Save Detected!
[07:12:31] [Server thread/INFO]: [autogitback] Save Detected!
[07:12:31] [Server thread/INFO]: [autogitback] Save Detected!
[07:12:31] [Server thread/INFO]: [autogitback] Save Detected!
[07:17:31] [Server thread/INFO]: [autogitback] Save Detected!
[07:17:31] [Server thread/INFO]: [autogitback] Save Detected!
[07:17:31] [Server thread/INFO]: [autogitback] Save Detected!
[07:22:31] [Server thread/INFO]: [autogitback] Save Detected!
[07:22:31] [Server thread/INFO]: [autogitback] Save Detected!
[07:22:31] [Server thread/INFO]: [autogitback] Save Detected!
[07:27:31] [Server thread/INFO]: [autogitback] Save Detected!
[07:27:31] [Server thread/INFO]: [autogitback] Save Detected!
[07:27:31] [Server thread/INFO]: [autogitback] Save Detected!
[07:32:31] [Server thread/INFO]: [autogitback] Save Detected!
[07:32:31] [Server thread/INFO]: [autogitback] Save Detected!
[07:32:31] [Server thread/INFO]: [autogitback] Save Detected!
[07:37:31] [Server thread/INFO]: [autogitback] Save Detected!
[07:37:31] [Server thread/INFO]: [autogitback] Save Detected!
[07:37:31] [Server thread/INFO]: [autogitback] Save Detected!
[07:42:31] [Server thread/INFO]: [autogitback] Save Detected!
[07:42:31] [Server thread/INFO]: [autogitback] Save Detected!
[07:42:31] [Server thread/INFO]: [autogitback] Save Detected!
[07:47:31] [Server thread/INFO]: [autogitback] Save Detected!
[07:47:31] [Server thread/INFO]: [autogitback] Save Detected!
[07:47:31] [Server thread/INFO]: [autogitback] Save Detected!
[07:52:31] [Server thread/INFO]: [autogitback] Save Detected!
[07:52:31] [Server thread/INFO]: [autogitback] Save Detected!
[07:52:31] [Server thread/INFO]: [autogitback] Save Detected!
[07:57:31] [Server thread/INFO]: [autogitback] Save Detected!
[07:57:31] [Server thread/INFO]: [autogitback] Save Detected!
[07:57:31] [Server thread/INFO]: [autogitback] Save Detected!
[08:02:31] [Server thread/INFO]: [autogitback] Save Detected!
[08:02:31] [Server thread/INFO]: [autogitback] Save Detected!
[08:02:31] [Server thread/INFO]: [autogitback] Save Detected!
[08:07:31] [Server thread/INFO]: [autogitback] Save Detected!
[08:07:31] [Server thread/INFO]: [autogitback] Save Detected!
[08:07:31] [Server thread/INFO]: [autogitback] Save Detected!
[08:12:31] [Server thread/INFO]: [autogitback] Save Detected!
[08:12:31] [Server thread/INFO]: [autogitback] Save Detected!
[08:12:31] [Server thread/INFO]: [autogitback] Save Detected!
[08:17:31] [Server thread/INFO]: [autogitback] Save Detected!
[08:17:31] [Server thread/INFO]: [autogitback] Save Detected!
[08:17:31] [Server thread/INFO]: [autogitback] Save Detected!
[08:22:31] [Server thread/INFO]: [autogitback] Save Detected!
[08:22:31] [Server thread/INFO]: [autogitback] Save Detected!
[08:22:31] [Server thread/INFO]: [autogitback] Save Detected!
[08:27:31] [Server thread/INFO]: [autogitback] Save Detected!
[08:27:31] [Server thread/INFO]: [autogitback] Save Detected!
[08:27:31] [Server thread/INFO]: [autogitback] Save Detected!
[08:32:31] [Server thread/INFO]: [autogitback] Save Detected!
[08:32:31] [Server thread/INFO]: [autogitback] Save Detected!
[08:32:31] [Server thread/INFO]: [autogitback] Save Detected!
[08:37:31] [Server thread/INFO]: [autogitback] Save Detected!
[08:37:31] [Server thread/INFO]: [autogitback] Save Detected!
[08:37:31] [Server thread/INFO]: [autogitback] Save Detected!
[08:42:31] [Server thread/INFO]: [autogitback] Save Detected!
[08:42:31] [Server thread/INFO]: [autogitback] Save Detected!
[08:42:31] [Server thread/INFO]: [autogitback] Save Detected!
[08:47:31] [Server thread/INFO]: [autogitback] Save Detected!
[08:47:31] [Server thread/INFO]: [autogitback] Save Detected!
[08:47:31] [Server thread/INFO]: [autogitback] Save Detected!
[08:52:31] [Server thread/INFO]: [autogitback] Save Detected!
[08:52:31] [Server thread/INFO]: [autogitback] Save Detected!
[08:52:31] [Server thread/INFO]: [autogitback] Save Detected!
[08:57:31] [Server thread/INFO]: [autogitback] Save Detected!
[08:57:31] [Server thread/INFO]: [autogitback] Save Detected!
[08:57:31] [Server thread/INFO]: [autogitback] Save Detected!
[09:02:31] [Server thread/INFO]: [autogitback] Save Detected!
[09:02:31] [Server thread/INFO]: [autogitback] Save Detected!
[09:02:31] [Server thread/INFO]: [autogitback] Save Detected!
[09:07:31] [Server thread/INFO]: [autogitback] Save Detected!
[09:07:31] [Server thread/INFO]: [autogitback] Save Detected!
[09:07:31] [Server thread/INFO]: [autogitback] Save Detected!
[09:12:31] [Server thread/INFO]: [autogitback] Save Detected!
[09:12:31] [Server thread/INFO]: [autogitback] Save Detected!
[09:12:31] [Server thread/INFO]: [autogitback] Save Detected!
[09:17:31] [Server thread/INFO]: [autogitback] Save Detected!
[09:17:31] [Server thread/INFO]: [autogitback] Save Detected!
[09:17:31] [Server thread/INFO]: [autogitback] Save Detected!
[09:22:31] [Server thread/INFO]: [autogitback] Save Detected!
[09:22:31] [Server thread/INFO]: [autogitback] Save Detected!
[09:22:31] [Server thread/INFO]: [autogitback] Save Detected!
[09:27:31] [Server thread/INFO]: [autogitback] Save Detected!
[09:27:31] [Server thread/INFO]: [autogitback] Save Detected!
[09:27:31] [Server thread/INFO]: [autogitback] Save Detected!
[09:32:31] [Server thread/INFO]: [autogitback] Save Detected!
[09:32:31] [Server thread/INFO]: [autogitback] Save Detected!
[09:32:31] [Server thread/INFO]: [autogitback] Save Detected!
[09:37:31] [Server thread/INFO]: [autogitback] Save Detected!
[09:37:31] [Server thread/INFO]: [autogitback] Save Detected!
[09:37:31] [Server thread/INFO]: [autogitback] Save Detected!
[09:42:31] [Server thread/INFO]: [autogitback] Save Detected!
[09:42:31] [Server thread/INFO]: [autogitback] Save Detected!
[09:42:31] [Server thread/INFO]: [autogitback] Save Detected!
[09:47:31] [Server thread/INFO]: [autogitback] Save Detected!
[09:47:31] [Server thread/INFO]: [autogitback] Save Detected!
[09:47:31] [Server thread/INFO]: [autogitback] Save Detected!
[09:52:31] [Server thread/INFO]: [autogitback] Save Detected!
[09:52:31] [Server thread/INFO]: [autogitback] Save Detected!
[09:52:31] [Server thread/INFO]: [autogitback] Save Detected!
[09:57:31] [Server thread/INFO]: [autogitback] Save Detected!
[09:57:31] [Server thread/INFO]: [autogitback] Save Detected!
[09:57:31] [Server thread/INFO]: [autogitback] Save Detected!
[10:02:31] [Server thread/INFO]: [autogitback] Save Detected!
[10:02:31] [Server thread/INFO]: [autogitback] Save Detected!
[10:02:31] [Server thread/INFO]: [autogitback] Save Detected!
[10:07:31] [Server thread/INFO]: [autogitback] Save Detected!
[10:07:31] [Server thread/INFO]: [autogitback] Save Detected!
[10:07:31] [Server thread/INFO]: [autogitback] Save Detected!
[10:12:31] [Server thread/INFO]: [autogitback] Save Detected!
[10:12:31] [Server thread/INFO]: [autogitback] Save Detected!
[10:12:31] [Server thread/INFO]: [autogitback] Save Detected!
[10:17:31] [Server thread/INFO]: [autogitback] Save Detected!
[10:17:31] [Server thread/INFO]: [autogitback] Save Detected!
[10:17:31] [Server thread/INFO]: [autogitback] Save Detected!
[10:22:31] [Server thread/INFO]: [autogitback] Save Detected!
[10:22:31] [Server thread/INFO]: [autogitback] Save Detected!
[10:22:31] [Server thread/INFO]: [autogitback] Save Detected!
[10:27:31] [Server thread/INFO]: [autogitback] Save Detected!
[10:27:31] [Server thread/INFO]: [autogitback] Save Detected!
[10:27:31] [Server thread/INFO]: [autogitback] Save Detected!
[10:32:31] [Server thread/INFO]: [autogitback] Save Detected!
[10:32:31] [Server thread/INFO]: [autogitback] Save Detected!
[10:32:31] [Server thread/INFO]: [autogitback] Save Detected!
[10:37:31] [Server thread/INFO]: [autogitback] Save Detected!
[10:37:31] [Server thread/INFO]: [autogitback] Save Detected!
[10:37:31] [Server thread/INFO]: [autogitback] Save Detected!
[10:42:31] [Server thread/INFO]: [autogitback] Save Detected!
[10:42:31] [Server thread/INFO]: [autogitback] Save Detected!
[10:42:31] [Server thread/INFO]: [autogitback] Save Detected!
[10:47:31] [Server thread/INFO]: [autogitback] Save Detected!
[10:47:31] [Server thread/INFO]: [autogitback] Save Detected!
[10:47:31] [Server thread/INFO]: [autogitback] Save Detected!
[10:52:31] [Server thread/INFO]: [autogitback] Save Detected!
[10:52:31] [Server thread/INFO]: [autogitback] Save Detected!
[10:52:31] [Server thread/INFO]: [autogitback] Save Detected!
[10:57:31] [Server thread/INFO]: [autogitback] Save Detected!
[10:57:31] [Server thread/INFO]: [autogitback] Save Detected!
[10:57:31] [Server thread/INFO]: [autogitback] Save Detected!
[11:02:31] [Server thread/INFO]: [autogitback] Save Detected!
[11:02:31] [Server thread/INFO]: [autogitback] Save Detected!
[11:02:31] [Server thread/INFO]: [autogitback] Save Detected!
[11:07:31] [Server thread/INFO]: [autogitback] Save Detected!
[11:07:31] [Server thread/INFO]: [autogitback] Save Detected!
[11:07:31] [Server thread/INFO]: [autogitback] Save Detected!
[11:12:31] [Server thread/INFO]: [autogitback] Save Detected!
[11:12:31] [Server thread/INFO]: [autogitback] Save Detected!
[11:12:31] [Server thread/INFO]: [autogitback] Save Detected!
[11:17:31] [Server thread/INFO]: [autogitback] Save Detected!
[11:17:31] [Server thread/INFO]: [autogitback] Save Detected!
[11:17:31] [Server thread/INFO]: [autogitback] Save Detected!
[11:22:31] [Server thread/INFO]: [autogitback] Save Detected!
[11:22:31] [Server thread/INFO]: [autogitback] Save Detected!
[11:22:31] [Server thread/INFO]: [autogitback] Save Detected!
[11:27:31] [Server thread/INFO]: [autogitback] Save Detected!
[11:27:31] [Server thread/INFO]: [autogitback] Save Detected!
[11:27:31] [Server thread/INFO]: [autogitback] Save Detected!
[11:32:31] [Server thread/INFO]: [autogitback] Save Detected!
[11:32:31] [Server thread/INFO]: [autogitback] Save Detected!
[11:32:31] [Server thread/INFO]: [autogitback] Save Detected!
[11:37:31] [Server thread/INFO]: [autogitback] Save Detected!
[11:37:31] [Server thread/INFO]: [autogitback] Save Detected!
[11:37:31] [Server thread/INFO]: [autogitback] Save Detected!
[11:42:31] [Server thread/INFO]: [autogitback] Save Detected!
[11:42:31] [Server thread/INFO]: [autogitback] Save Detected!
[11:42:31] [Server thread/INFO]: [autogitback] Save Detected!
[11:47:31] [Server thread/INFO]: [autogitback] Save Detected!
[11:47:31] [Server thread/INFO]: [autogitback] Save Detected!
[11:47:31] [Server thread/INFO]: [autogitback] Save Detected!
[11:52:31] [Server thread/INFO]: [autogitback] Save Detected!
[11:52:31] [Server thread/INFO]: [autogitback] Save Detected!
[11:52:31] [Server thread/INFO]: [autogitback] Save Detected!
[11:57:31] [Server thread/INFO]: [autogitback] Save Detected!
[11:57:31] [Server thread/INFO]: [autogitback] Save Detected!
[11:57:31] [Server thread/INFO]: [autogitback] Save Detected!
[12:02:31] [Server thread/INFO]: [autogitback] Save Detected!
[12:02:31] [Server thread/INFO]: [autogitback] Save Detected!
[12:02:31] [Server thread/INFO]: [autogitback] Save Detected!
[12:07:31] [Server thread/INFO]: [autogitback] Save Detected!
[12:07:31] [Server thread/INFO]: [autogitback] Save Detected!
[12:07:31] [Server thread/INFO]: [autogitback] Save Detected!
[12:12:31] [Server thread/INFO]: [autogitback] Save Detected!
[12:12:31] [Server thread/INFO]: [autogitback] Save Detected!
[12:12:31] [Server thread/INFO]: [autogitback] Save Detected!
[12:17:31] [Server thread/INFO]: [autogitback] Save Detected!
[12:17:31] [Server thread/INFO]: [autogitback] Save Detected!
[12:17:31] [Server thread/INFO]: [autogitback] Save Detected!
[12:22:31] [Server thread/INFO]: [autogitback] Save Detected!
[12:22:31] [Server thread/INFO]: [autogitback] Save Detected!
[12:22:31] [Server thread/INFO]: [autogitback] Save Detected!
[12:27:31] [Server thread/INFO]: [autogitback] Save Detected!
[12:27:31] [Server thread/INFO]: [autogitback] Save Detected!
[12:27:31] [Server thread/INFO]: [autogitback] Save Detected!
[12:32:31] [Server thread/INFO]: [autogitback] Save Detected!
[12:32:31] [Server thread/INFO]: [autogitback] Save Detected!
[12:32:31] [Server thread/INFO]: [autogitback] Save Detected!
[12:37:31] [Server thread/INFO]: [autogitback] Save Detected!
[12:37:31] [Server thread/INFO]: [autogitback] Save Detected!
[12:37:31] [Server thread/INFO]: [autogitback] Save Detected!
[12:42:31] [Server thread/INFO]: [autogitback] Save Detected!
[12:42:31] [Server thread/INFO]: [autogitback] Save Detected!
[12:42:31] [Server thread/INFO]: [autogitback] Save Detected!
[12:47:31] [Server thread/INFO]: [autogitback] Save Detected!
[12:47:31] [Server thread/INFO]: [autogitback] Save Detected!
[12:47:31] [Server thread/INFO]: [autogitback] Save Detected!
[12:52:31] [Server thread/INFO]: [autogitback] Save Detected!
[12:52:31] [Server thread/INFO]: [autogitback] Save Detected!
[12:52:31] [Server thread/INFO]: [autogitback] Save Detected!
[12:57:31] [Server thread/INFO]: [autogitback] Save Detected!
[12:57:31] [Server thread/INFO]: [autogitback] Save Detected!
[12:57:31] [Server thread/INFO]: [autogitback] Save Detected!
[13:02:31] [Server thread/INFO]: [autogitback] Save Detected!
[13:02:31] [Server thread/INFO]: [autogitback] Save Detected!
[13:02:31] [Server thread/INFO]: [autogitback] Save Detected!
[13:07:31] [Server thread/INFO]: [autogitback] Save Detected!
[13:07:31] [Server thread/INFO]: [autogitback] Save Detected!
[13:07:31] [Server thread/INFO]: [autogitback] Save Detected!
[13:12:31] [Server thread/INFO]: [autogitback] Save Detected!
[13:12:31] [Server thread/INFO]: [autogitback] Save Detected!
[13:12:31] [Server thread/INFO]: [autogitback] Save Detected!
[13:17:31] [Server thread/INFO]: [autogitback] Save Detected!
[13:17:31] [Server thread/INFO]: [autogitback] Save Detected!
[13:17:31] [Server thread/INFO]: [autogitback] Save Detected!
[13:22:31] [Server thread/INFO]: [autogitback] Save Detected!
[13:22:31] [Server thread/INFO]: [autogitback] Save Detected!
[13:22:31] [Server thread/INFO]: [autogitback] Save Detected!
[13:27:31] [Server thread/INFO]: [autogitback] Save Detected!
[13:27:31] [Server thread/INFO]: [autogitback] Save Detected!
[13:27:31] [Server thread/INFO]: [autogitback] Save Detected!
[13:32:31] [Server thread/INFO]: [autogitback] Save Detected!
[13:32:31] [Server thread/INFO]: [autogitback] Save Detected!
[13:32:31] [Server thread/INFO]: [autogitback] Save Detected!
[13:37:31] [Server thread/INFO]: [autogitback] Save Detected!
[13:37:31] [Server thread/INFO]: [autogitback] Save Detected!
[13:37:31] [Server thread/INFO]: [autogitback] Save Detected!
[13:42:31] [Server thread/INFO]: [autogitback] Save Detected!
[13:42:31] [Server thread/INFO]: [autogitback] Save Detected!
[13:42:31] [Server thread/INFO]: [autogitback] Save Detected!
[13:47:31] [Server thread/INFO]: [autogitback] Save Detected!
[13:47:31] [Server thread/INFO]: [autogitback] Save Detected!
[13:47:31] [Server thread/INFO]: [autogitback] Save Detected!
[13:52:31] [Server thread/INFO]: [autogitback] Save Detected!
[13:52:31] [Server thread/INFO]: [autogitback] Save Detected!
[13:52:31] [Server thread/INFO]: [autogitback] Save Detected!
[13:57:31] [Server thread/INFO]: [autogitback] Save Detected!
[13:57:31] [Server thread/INFO]: [autogitback] Save Detected!
[13:57:31] [Server thread/INFO]: [autogitback] Save Detected!
[14:02:31] [Server thread/INFO]: [autogitback] Save Detected!
[14:02:31] [Server thread/INFO]: [autogitback] Save Detected!
[14:02:31] [Server thread/INFO]: [autogitback] Save Detected!
[14:07:31] [Server thread/INFO]: [autogitback] Save Detected!
[14:07:31] [Server thread/INFO]: [autogitback] Save Detected!
[14:07:31] [Server thread/INFO]: [autogitback] Save Detected!
[14:12:31] [Server thread/INFO]: [autogitback] Save Detected!
[14:12:31] [Server thread/INFO]: [autogitback] Save Detected!
[14:12:31] [Server thread/INFO]: [autogitback] Save Detected!
[14:17:31] [Server thread/INFO]: [autogitback] Save Detected!
[14:17:31] [Server thread/INFO]: [autogitback] Save Detected!
[14:17:31] [Server thread/INFO]: [autogitback] Save Detected!
[14:22:31] [Server thread/INFO]: [autogitback] Save Detected!
[14:22:31] [Server thread/INFO]: [autogitback] Save Detected!
[14:22:31] [Server thread/INFO]: [autogitback] Save Detected!
[14:27:31] [Server thread/INFO]: [autogitback] Save Detected!
[14:27:31] [Server thread/INFO]: [autogitback] Save Detected!
[14:27:31] [Server thread/INFO]: [autogitback] Save Detected!
[14:32:31] [Server thread/INFO]: [autogitback] Save Detected!
[14:32:31] [Server thread/INFO]: [autogitback] Save Detected!
[14:32:31] [Server thread/INFO]: [autogitback] Save Detected!
[14:37:31] [Server thread/INFO]: [autogitback] Save Detected!
[14:37:31] [Server thread/INFO]: [autogitback] Save Detected!
[14:37:31] [Server thread/INFO]: [autogitback] Save Detected!
[14:42:31] [Server thread/INFO]: [autogitback] Save Detected!
[14:42:31] [Server thread/INFO]: [autogitback] Save Detected!
[14:42:31] [Server thread/INFO]: [autogitback] Save Detected!
[14:47:31] [Server thread/INFO]: [autogitback] Save Detected!
[14:47:31] [Server thread/INFO]: [autogitback] Save Detected!
[14:47:31] [Server thread/INFO]: [autogitback] Save Detected!
[14:52:31] [Server thread/INFO]: [autogitback] Save Detected!
[14:52:31] [Server thread/INFO]: [autogitback] Save Detected!
[14:52:31] [Server thread/INFO]: [autogitback] Save Detected!
[14:57:31] [Server thread/INFO]: [autogitback] Save Detected!
[14:57:31] [Server thread/INFO]: [autogitback] Save Detected!
[14:57:31] [Server thread/INFO]: [autogitback] Save Detected!
[15:02:31] [Server thread/INFO]: [autogitback] Save Detected!
[15:02:31] [Server thread/INFO]: [autogitback] Save Detected!
[15:02:31] [Server thread/INFO]: [autogitback] Save Detected!
[15:07:31] [Server thread/INFO]: [autogitback] Save Detected!
[15:07:31] [Server thread/INFO]: [autogitback] Save Detected!
[15:07:31] [Server thread/INFO]: [autogitback] Save Detected!
[15:12:31] [Server thread/INFO]: [autogitback] Save Detected!
[15:12:31] [Server thread/INFO]: [autogitback] Save Detected!
[15:12:31] [Server thread/INFO]: [autogitback] Save Detected!
[15:17:31] [Server thread/INFO]: [autogitback] Save Detected!
[15:17:31] [Server thread/INFO]: [autogitback] Save Detected!
[15:17:31] [Server thread/INFO]: [autogitback] Save Detected!
[15:22:31] [Server thread/INFO]: [autogitback] Save Detected!
[15:22:31] [Server thread/INFO]: [autogitback] Save Detected!
[15:22:31] [Server thread/INFO]: [autogitback] Save Detected!
[15:27:31] [Server thread/INFO]: [autogitback] Save Detected!
[15:27:31] [Server thread/INFO]: [autogitback] Save Detected!
[15:27:31] [Server thread/INFO]: [autogitback] Save Detected!
[15:32:31] [Server thread/INFO]: [autogitback] Save Detected!
[15:32:31] [Server thread/INFO]: [autogitback] Save Detected!
[15:32:31] [Server thread/INFO]: [autogitback] Save Detected!
[15:37:31] [Server thread/INFO]: [autogitback] Save Detected!
[15:37:31] [Server thread/INFO]: [autogitback] Save Detected!
[15:37:31] [Server thread/INFO]: [autogitback] Save Detected!
[15:42:31] [Server thread/INFO]: [autogitback] Save Detected!
[15:42:31] [Server thread/INFO]: [autogitback] Save Detected!
[15:42:31] [Server thread/INFO]: [autogitback] Save Detected!
[15:47:31] [Server thread/INFO]: [autogitback] Save Detected!
[15:47:31] [Server thread/INFO]: [autogitback] Save Detected!
[15:47:31] [Server thread/INFO]: [autogitback] Save Detected!
[15:52:23] [Server thread/INFO]: ServerSeekerV2 (/45.135.194.65:37236) lost connection: Disconnected
[15:52:31] [Server thread/INFO]: [autogitback] Save Detected!
[15:52:31] [Server thread/INFO]: [autogitback] Save Detected!
[15:52:31] [Server thread/INFO]: [autogitback] Save Detected!
[15:57:31] [Server thread/INFO]: [autogitback] Save Detected!
[15:57:31] [Server thread/INFO]: [autogitback] Save Detected!
[15:57:31] [Server thread/INFO]: [autogitback] Save Detected!
[16:02:31] [Server thread/INFO]: [autogitback] Save Detected!
[16:02:31] [Server thread/INFO]: [autogitback] Save Detected!
[16:02:31] [Server thread/INFO]: [autogitback] Save Detected!
[16:07:31] [Server thread/INFO]: [autogitback] Save Detected!
[16:07:31] [Server thread/INFO]: [autogitback] Save Detected!
[16:07:31] [Server thread/INFO]: [autogitback] Save Detected!
[16:12:31] [Server thread/INFO]: [autogitback] Save Detected!
[16:12:31] [Server thread/INFO]: [autogitback] Save Detected!
[16:12:31] [Server thread/INFO]: [autogitback] Save Detected!
[16:17:31] [Server thread/INFO]: [autogitback] Save Detected!
[16:17:31] [Server thread/INFO]: [autogitback] Save Detected!
[16:17:31] [Server thread/INFO]: [autogitback] Save Detected!
[16:22:31] [Server thread/INFO]: [autogitback] Save Detected!
[16:22:31] [Server thread/INFO]: [autogitback] Save Detected!
[16:22:31] [Server thread/INFO]: [autogitback] Save Detected!
[16:27:31] [Server thread/INFO]: [autogitback] Save Detected!
[16:27:31] [Server thread/INFO]: [autogitback] Save Detected!
[16:27:31] [Server thread/INFO]: [autogitback] Save Detected!
[16:32:31] [Server thread/INFO]: [autogitback] Save Detected!
[16:32:31] [Server thread/INFO]: [autogitback] Save Detected!
[16:32:31] [Server thread/INFO]: [autogitback] Save Detected!
[16:37:31] [Server thread/INFO]: [autogitback] Save Detected!
[16:37:31] [Server thread/INFO]: [autogitback] Save Detected!
[16:37:31] [Server thread/INFO]: [autogitback] Save Detected!
[16:42:31] [Server thread/INFO]: [autogitback] Save Detected!
[16:42:31] [Server thread/INFO]: [autogitback] Save Detected!
[16:42:31] [Server thread/INFO]: [autogitback] Save Detected!
[16:47:31] [Server thread/INFO]: [autogitback] Save Detected!
[16:47:31] [Server thread/INFO]: [autogitback] Save Detected!
[16:47:31] [Server thread/INFO]: [autogitback] Save Detected!
[16:52:31] [Server thread/INFO]: [autogitback] Save Detected!
[16:52:31] [Server thread/INFO]: [autogitback] Save Detected!
[16:52:31] [Server thread/INFO]: [autogitback] Save Detected!
[16:57:31] [Server thread/INFO]: [autogitback] Save Detected!
[16:57:31] [Server thread/INFO]: [autogitback] Save Detected!
[16:57:31] [Server thread/INFO]: [autogitback] Save Detected!
[17:02:31] [Server thread/INFO]: [autogitback] Save Detected!
[17:02:31] [Server thread/INFO]: [autogitback] Save Detected!
[17:02:31] [Server thread/INFO]: [autogitback] Save Detected!
[17:07:31] [Server thread/INFO]: [autogitback] Save Detected!
[17:07:31] [Server thread/INFO]: [autogitback] Save Detected!
[17:07:31] [Server thread/INFO]: [autogitback] Save Detected!
[17:12:31] [Server thread/INFO]: [autogitback] Save Detected!
[17:12:31] [Server thread/INFO]: [autogitback] Save Detected!
[17:12:31] [Server thread/INFO]: [autogitback] Save Detected!
[17:17:31] [Server thread/INFO]: [autogitback] Save Detected!
[17:17:31] [Server thread/INFO]: [autogitback] Save Detected!
[17:17:31] [Server thread/INFO]: [autogitback] Save Detected!
[17:22:31] [Server thread/INFO]: [autogitback] Save Detected!
[17:22:31] [Server thread/INFO]: [autogitback] Save Detected!
[17:22:31] [Server thread/INFO]: [autogitback] Save Detected!
[17:27:31] [Server thread/INFO]: [autogitback] Save Detected!
[17:27:31] [Server thread/INFO]: [autogitback] Save Detected!
[17:27:31] [Server thread/INFO]: [autogitback] Save Detected!
